{
  "stats": {
    "suites": 19,
    "tests": 47,
    "passes": 47,
    "pending": 0,
    "failures": 0,
    "testsRegistered": 47,
    "passPercent": 100,
    "pendingPercent": 0,
    "other": 0,
    "hasOther": false,
    "skipped": 0,
    "hasSkipped": false,
    "start": "2024-11-09T19:17:56.410Z",
    "end": "2024-11-09T19:19:05.862Z",
    "duration": 69452
  },
  "results": [
    {
      "uuid": "7d4cc9b4-7387-47d6-8904-689f7fc959e8",
      "title": "",
      "fullFile": "cypress/e2e/automation-test-store/add-multiple-items-to-basket.js",
      "file": "cypress/e2e/automation-test-store/add-multiple-items-to-basket.js",
      "beforeHooks": [],
      "afterHooks": [],
      "tests": [],
      "suites": [
        {
          "uuid": "a5ff2274-51a2-4adc-ac97-81cda5824824",
          "title": "Add multiple items to basket",
          "fullFile": "",
          "file": "",
          "beforeHooks": [],
          "afterHooks": [],
          "tests": [
            {
              "title": "Add specific items to basket",
              "fullTitle": "Add multiple items to basket Add specific items to basket",
              "timedOut": null,
              "duration": 1693,
              "state": "passed",
              "speed": "fast",
              "pass": true,
              "fail": false,
              "pending": false,
              "context": null,
              "code": "// globalThis.data.productName.forEach(function(element){\n//     cy.addProductsToaBasket(element);\n// })\n// cy.get('.dropdown-toggle > .fa').click();\nautoStoreHairCare_PO.addHairCareProductsToBasket();",
              "err": {},
              "uuid": "970ae182-f7b1-4434-818b-61d0b0321f91",
              "parentUUID": "a5ff2274-51a2-4adc-ac97-81cda5824824",
              "isHook": false,
              "skipped": false
            }
          ],
          "suites": [],
          "passes": [
            "970ae182-f7b1-4434-818b-61d0b0321f91"
          ],
          "failures": [],
          "pending": [],
          "skipped": [],
          "duration": 1693,
          "root": false,
          "rootEmpty": false,
          "_timeout": 2000
        }
      ],
      "passes": [],
      "failures": [],
      "pending": [],
      "skipped": [],
      "duration": 0,
      "root": true,
      "rootEmpty": true,
      "_timeout": 2000
    },
    {
      "uuid": "bb4d5648-58da-425f-b7da-7ca0301ad16e",
      "title": "",
      "fullFile": "cypress/e2e/automation-test-store/alias-invoke.js",
      "file": "cypress/e2e/automation-test-store/alias-invoke.js",
      "beforeHooks": [],
      "afterHooks": [],
      "tests": [],
      "suites": [
        {
          "uuid": "a95f779d-1781-44c3-8324-8773a79514ac",
          "title": "Alias and Invoke",
          "fullFile": "",
          "file": "",
          "beforeHooks": [],
          "afterHooks": [],
          "tests": [
            {
              "title": "Calculate total of normal and sale products",
              "fullTitle": "Alias and Invoke Calculate total of normal and sale products",
              "timedOut": null,
              "duration": 785,
              "state": "passed",
              "speed": "fast",
              "pass": true,
              "fail": false,
              "pending": false,
              "context": null,
              "code": "cy.visit(\"https://automationteststore.com/ \"); // cy.get(\"a[href*='product/category&path=']\").contains('Hair Care').click();\ncy.get(\".thumbnail\").as('productTumbnail'); // cy.get(\"@productTumbnail\").find('.oneprice').each(($el, index, $list)=>{\n//     cy.log($el.text());\n// })\ncy.get(\".thumbnail\").find(\".oneprice\").invoke('text').as('itemPrice');\ncy.get(\".thumbnail\").find(\".pricenew\").invoke('text').as('saleItemPrice');\nvar itemsTotal = 0;\ncy.get(\"@itemPrice\").then($linkText => {\n  var itemsPriceTotal = 0;\n  var itemPrice = $linkText.split('$');\n  var i;\n  for (i = 0; i < itemPrice.length; i++) {\n    cy.log(itemPrice[i]);\n    itemsPriceTotal += Number(itemPrice[i]);\n  }\n  itemsTotal += itemsPriceTotal;\n  cy.log(\"Non sale price items total: \" + itemsPriceTotal);\n});\ncy.get(\"@saleItemPrice\").then($linkText => {\n  var saleItemsPriceTotal = 0;\n  var saleitemPrice = $linkText.split('$');\n  var i;\n  for (i = 0; i < saleitemPrice.length; i++) {\n    cy.log(saleitemPrice[i]);\n    saleItemsPriceTotal += Number(saleitemPrice[i]);\n  }\n  itemsTotal += saleItemsPriceTotal;\n  cy.log(\"sale price items total: \" + saleItemsPriceTotal);\n}).then(() => {\n  cy.log(\"total price: \" + itemsTotal);\n  expect(itemsTotal).to.equal(585.5);\n});",
              "err": {},
              "uuid": "ca7243d3-d633-481a-8e03-68083a5f9557",
              "parentUUID": "a95f779d-1781-44c3-8324-8773a79514ac",
              "isHook": false,
              "skipped": false
            }
          ],
          "suites": [],
          "passes": [
            "ca7243d3-d633-481a-8e03-68083a5f9557"
          ],
          "failures": [],
          "pending": [],
          "skipped": [],
          "duration": 785,
          "root": false,
          "rootEmpty": false,
          "_timeout": 2000
        }
      ],
      "passes": [],
      "failures": [],
      "pending": [],
      "skipped": [],
      "duration": 0,
      "root": true,
      "rootEmpty": true,
      "_timeout": 2000
    },
    {
      "uuid": "247be0b3-c30d-4d33-8cb8-3ad9b543056a",
      "title": "",
      "fullFile": "cypress/e2e/automation-test-store/contact-us.js",
      "file": "cypress/e2e/automation-test-store/contact-us.js",
      "beforeHooks": [],
      "afterHooks": [],
      "tests": [],
      "suites": [
        {
          "uuid": "84034837-35cc-4dbc-bd9e-5ddf0249e050",
          "title": "Test contact us page From Automation Test store",
          "fullFile": "",
          "file": "",
          "beforeHooks": [],
          "afterHooks": [],
          "tests": [
            {
              "title": "Should be able to submit a successful submission via contact us form",
              "fullTitle": "Test contact us page From Automation Test store Should be able to submit a successful submission via contact us form",
              "timedOut": null,
              "duration": 2878,
              "state": "passed",
              "speed": "fast",
              "pass": true,
              "fail": false,
              "pending": false,
              "context": null,
              "code": "cy.visit(\"https://automationteststore.com/ \");\ncy.get('.info_links_footer > :nth-child(5) > a').click().then(function (contactusText) {\n  console.log(\"Selected Item: \" + contactusText.text());\n});\ncy.get(\"@user\").then(user => {\n  cy.get('#ContactUsFrm_first_name').type(user.first_name);\n  cy.get('#ContactUsFrm_email').type(user.email);\n});\ncy.get('#ContactUsFrm_email').should('have.attr', 'name', 'email');\ncy.get('#ContactUsFrm_enquiry').type(\"Enquiring about new products\");\ncy.get('.col-md-6 > .btn').click();\ncy.get('.mb40 > :nth-child(3)').should('have.text', \"Your enquiry has been successfully sent to the store owner!\");",
              "err": {},
              "uuid": "5ce7d388-18b5-419c-92f7-b880daf77bed",
              "parentUUID": "84034837-35cc-4dbc-bd9e-5ddf0249e050",
              "isHook": false,
              "skipped": false
            }
          ],
          "suites": [],
          "passes": [
            "5ce7d388-18b5-419c-92f7-b880daf77bed"
          ],
          "failures": [],
          "pending": [],
          "skipped": [],
          "duration": 2878,
          "root": false,
          "rootEmpty": false,
          "_timeout": 2000
        }
      ],
      "passes": [],
      "failures": [],
      "pending": [],
      "skipped": [],
      "duration": 0,
      "root": true,
      "rootEmpty": true,
      "_timeout": 2000
    },
    {
      "uuid": "abedaf52-e83c-484c-9eaa-122387f91352",
      "title": "",
      "fullFile": "cypress/e2e/automation-test-store/inspect-item.js",
      "file": "cypress/e2e/automation-test-store/inspect-item.js",
      "beforeHooks": [],
      "afterHooks": [],
      "tests": [],
      "suites": [
        {
          "uuid": "83799254-db71-49ec-a119-9ea504505498",
          "title": "Inspect Automation Test store items with chain of commands",
          "fullFile": "",
          "file": "",
          "beforeHooks": [],
          "afterHooks": [],
          "tests": [
            {
              "title": "Click on the first item using item using item text",
              "fullTitle": "Inspect Automation Test store items with chain of commands Click on the first item using item using item text",
              "timedOut": null,
              "duration": 1052,
              "state": "passed",
              "speed": "fast",
              "pass": true,
              "fail": false,
              "pending": false,
              "context": null,
              "code": "cy.visit(\"https://automationteststore.com/ \");\ncy.get('.prdocutname').contains('Skinsheen Bronzer Stick').click().then(function (itemHeaderText) {\n  console.log('Selected the following item: ' + itemHeaderText.text());\n});",
              "err": {},
              "uuid": "bb660098-5be8-4b56-a95e-46eeac18a39c",
              "parentUUID": "83799254-db71-49ec-a119-9ea504505498",
              "isHook": false,
              "skipped": false
            }
          ],
          "suites": [],
          "passes": [
            "bb660098-5be8-4b56-a95e-46eeac18a39c"
          ],
          "failures": [],
          "pending": [],
          "skipped": [],
          "duration": 1052,
          "root": false,
          "rootEmpty": false,
          "_timeout": 2000
        }
      ],
      "passes": [],
      "failures": [],
      "pending": [],
      "skipped": [],
      "duration": 0,
      "root": true,
      "rootEmpty": true,
      "_timeout": 2000
    },
    {
      "uuid": "b81eb0fe-6c3f-4e69-a8c6-e1e06f70406f",
      "title": "",
      "fullFile": "cypress/e2e/automation-test-store/iterate-over-elements.js",
      "file": "cypress/e2e/automation-test-store/iterate-over-elements.js",
      "beforeHooks": [],
      "afterHooks": [],
      "tests": [],
      "suites": [
        {
          "uuid": "853cb386-2c6a-46c2-a9ab-cc9e06b78f30",
          "title": "Iterate over elements",
          "fullFile": "",
          "file": "",
          "beforeHooks": [],
          "afterHooks": [],
          "tests": [
            {
              "title": "Log information of all haircare product",
              "fullTitle": "Iterate over elements Log information of all haircare product",
              "timedOut": null,
              "duration": 1176,
              "state": "passed",
              "speed": "fast",
              "pass": true,
              "fail": false,
              "pending": false,
              "context": null,
              "code": "cy.get('.fixed_wrapper .prdocutname').each(($el, index, $list) => {\n  cy.log(\"Index: \" + index + \" : \" + $el.text());\n});",
              "err": {},
              "uuid": "d25a9d42-af4b-4d94-b768-dab5f1099a0a",
              "parentUUID": "853cb386-2c6a-46c2-a9ab-cc9e06b78f30",
              "isHook": false,
              "skipped": false
            },
            {
              "title": "Add specific product to basket",
              "fullTitle": "Iterate over elements Add specific product to basket",
              "timedOut": null,
              "duration": 546,
              "state": "passed",
              "speed": "fast",
              "pass": true,
              "fail": false,
              "pending": false,
              "context": null,
              "code": "// cy.get('.fixed_wrapper .prdocutname').each(($el, index, $list) =>{\n//     if($el.text().includes('Curls to straight Shampoo')) {\n//          cy.wrap($el).click();\n//     }\n// });\ncy.selectProduct('Curls to straight Shampoo');",
              "err": {},
              "uuid": "6d2ae803-d4ad-46c7-8bf4-ed9cc0d290cf",
              "parentUUID": "853cb386-2c6a-46c2-a9ab-cc9e06b78f30",
              "isHook": false,
              "skipped": false
            },
            {
              "title": "Add Another specific product to basket",
              "fullTitle": "Iterate over elements Add Another specific product to basket",
              "timedOut": null,
              "duration": 665,
              "state": "passed",
              "speed": "fast",
              "pass": true,
              "fail": false,
              "pending": false,
              "context": null,
              "code": "cy.selectProduct('Seaweed Conditioner');",
              "err": {},
              "uuid": "1f51ede6-72f6-4dbc-bee7-eec64abf74ab",
              "parentUUID": "853cb386-2c6a-46c2-a9ab-cc9e06b78f30",
              "isHook": false,
              "skipped": false
            },
            {
              "title": "Add Another specific product to basket",
              "fullTitle": "Iterate over elements Add Another specific product to basket",
              "timedOut": null,
              "duration": 511,
              "state": "passed",
              "speed": "fast",
              "pass": true,
              "fail": false,
              "pending": false,
              "context": null,
              "code": "cy.selectProduct('Eau Parfumee au The Vert Shampoo');",
              "err": {},
              "uuid": "3127d9ad-67da-4b9a-8770-d0fe952b0f72",
              "parentUUID": "853cb386-2c6a-46c2-a9ab-cc9e06b78f30",
              "isHook": false,
              "skipped": false
            }
          ],
          "suites": [],
          "passes": [
            "d25a9d42-af4b-4d94-b768-dab5f1099a0a",
            "6d2ae803-d4ad-46c7-8bf4-ed9cc0d290cf",
            "1f51ede6-72f6-4dbc-bee7-eec64abf74ab",
            "3127d9ad-67da-4b9a-8770-d0fe952b0f72"
          ],
          "failures": [],
          "pending": [],
          "skipped": [],
          "duration": 2898,
          "root": false,
          "rootEmpty": false,
          "_timeout": 2000
        }
      ],
      "passes": [],
      "failures": [],
      "pending": [],
      "skipped": [],
      "duration": 0,
      "root": true,
      "rootEmpty": true,
      "_timeout": 2000
    },
    {
      "uuid": "599db0b7-afa1-44b4-9f33-65bc9d85b30d",
      "title": "",
      "fullFile": "cypress/e2e/automation-test-store/variables-and-cy-commands.js",
      "file": "cypress/e2e/automation-test-store/variables-and-cy-commands.js",
      "beforeHooks": [],
      "afterHooks": [],
      "tests": [],
      "suites": [
        {
          "uuid": "73502427-82f4-4bd2-b484-b6f6187a8549",
          "title": "Verifying variables, cypress commands and jquery commands",
          "fullFile": "",
          "file": "",
          "beforeHooks": [],
          "afterHooks": [],
          "tests": [
            {
              "title": "Navigating to specific product pages",
              "fullTitle": "Verifying variables, cypress commands and jquery commands Navigating to specific product pages",
              "timedOut": null,
              "duration": 1111,
              "state": "passed",
              "speed": "fast",
              "pass": true,
              "fail": false,
              "pending": false,
              "context": null,
              "code": "cy.visit(\"https://automationteststore.com/ \"); // // The following will fail\n// const makeupLink = cy.get(\"a[href*='product/category&path=']\").contains('Makeup');\n// const skincareLink = cy.get(\"a[href*='product/category&path=']\").contains('Skincare');\n// makeupLink.click();\n// skincareLink.click();\n// // The following will work\n// const makeupLink = cy.get(\"a[href*='product/category&path=']\").contains('Makeup');\n// const skincareLink = cy.get(\"a[href*='product/category&path=']\").contains('Skincare');\n// makeupLink.click();\n// skincareLink.click();\n//Recommended Approach\ncy.get(\"a[href*='product/category&path=']\").contains('Makeup').click();\ncy.get(\"a[href*='product/category&path=']\").contains('Skincare').click();",
              "err": {},
              "uuid": "36eed77b-776a-4b7b-8d4a-fc61bb01d297",
              "parentUUID": "73502427-82f4-4bd2-b484-b6f6187a8549",
              "isHook": false,
              "skipped": false
            },
            {
              "title": "Navigating to make up link",
              "fullTitle": "Verifying variables, cypress commands and jquery commands Navigating to make up link",
              "timedOut": null,
              "duration": 530,
              "state": "passed",
              "speed": "fast",
              "pass": true,
              "fail": false,
              "pending": false,
              "context": null,
              "code": "cy.visit(\"https://automationteststore.com/ \");\ncy.get(\"a[href*='product/category&path=']\").contains('Makeup').click();\ncy.get(\"h1 .maintext\").then($headerText => {\n  const headerText = $headerText.text();\n  cy.log(\"Found header Text: \" + headerText);\n  expect(headerText).is.eq('Makeup');\n});",
              "err": {},
              "uuid": "27d23684-a2ea-4efe-a7ad-a27f9f398bdb",
              "parentUUID": "73502427-82f4-4bd2-b484-b6f6187a8549",
              "isHook": false,
              "skipped": false
            },
            {
              "title": "Validate properties of Contact us page ",
              "fullTitle": "Verifying variables, cypress commands and jquery commands Validate properties of Contact us page ",
              "timedOut": null,
              "duration": 200,
              "state": "passed",
              "speed": "fast",
              "pass": true,
              "fail": false,
              "pending": false,
              "context": null,
              "code": "cy.visit(\"https://automationteststore.com/index.php?rt=content/contact\"); // Uses cypress commands and chaining\ncy.contains('#ContactUsFrm', 'Contact Us Form').find('#field_11').should(\"contain\", \"First name:\"); // Uses Jquery Approach\ncy.contains('#ContactUsFrm', 'Contact Us Form').then(text => {\n  const firstNameText = text.find('#field_11').text();\n  expect(firstNameText).to.contain('First name:'); // Embedded commands (Clousers)\n  cy.get('#field_11').then(fnText => {\n    cy.log(fnText.text());\n    cy.log(fnText);\n  });\n});",
              "err": {},
              "uuid": "628cc0a7-c0dc-43da-86b7-2ca8107eff97",
              "parentUUID": "73502427-82f4-4bd2-b484-b6f6187a8549",
              "isHook": false,
              "skipped": false
            }
          ],
          "suites": [],
          "passes": [
            "36eed77b-776a-4b7b-8d4a-fc61bb01d297",
            "27d23684-a2ea-4efe-a7ad-a27f9f398bdb",
            "628cc0a7-c0dc-43da-86b7-2ca8107eff97"
          ],
          "failures": [],
          "pending": [],
          "skipped": [],
          "duration": 1841,
          "root": false,
          "rootEmpty": false,
          "_timeout": 2000
        }
      ],
      "passes": [],
      "failures": [],
      "pending": [],
      "skipped": [],
      "duration": 0,
      "root": true,
      "rootEmpty": true,
      "_timeout": 2000
    },
    {
      "uuid": "a20a36e4-42b2-4592-8a0e-fc33b846a34b",
      "title": "",
      "fullFile": "cypress/e2e/webdriver-uni/autocomplete.js",
      "file": "cypress/e2e/webdriver-uni/autocomplete.js",
      "beforeHooks": [],
      "afterHooks": [],
      "tests": [],
      "suites": [
        {
          "uuid": "532b7215-3a29-4f54-b6e2-839898958379",
          "title": "Verify autocomplete dropdown lists via web driver uni",
          "fullFile": "",
          "file": "",
          "beforeHooks": [],
          "afterHooks": [],
          "tests": [
            {
              "title": "Select specific product via autocomplete list",
              "fullTitle": "Verify autocomplete dropdown lists via web driver uni Select specific product via autocomplete list",
              "timedOut": null,
              "duration": 1316,
              "state": "passed",
              "speed": "fast",
              "pass": true,
              "fail": false,
              "pending": false,
              "context": null,
              "code": "cy.visit(\"https://www.webdriveruniversity.com\");\ncy.get(\"#autocomplete-textfield\").invoke('removeAttr', 'target').click({\n  force: true\n});\ncy.get('#myInput').type('A');\ncy.get('#myInputautocomplete-list > *').each(($el, index, $list) => {\n  const prod = $el.text();\n  const productToSelect = 'Avacado';\n  if (prod === productToSelect) {\n    $el.trigger(\"click\");\n    cy.get('#submit-button').click();\n    cy.url().should('include', productToSelect);\n  }\n}).then(() => {\n  cy.get('#myInput').type('G');\n  cy.get('#myInputautocomplete-list > *').each(($el, index, $list) => {\n    const prod = $el.text();\n    const productToSelect = 'Grapes';\n    if (prod === productToSelect) {\n      $el.trigger(\"click\");\n      cy.get('#submit-button').click();\n      cy.url().should('include', productToSelect);\n    }\n  });\n});",
              "err": {},
              "uuid": "869d423b-49c1-4e59-bd88-5217bb559e1f",
              "parentUUID": "532b7215-3a29-4f54-b6e2-839898958379",
              "isHook": false,
              "skipped": false
            }
          ],
          "suites": [],
          "passes": [
            "869d423b-49c1-4e59-bd88-5217bb559e1f"
          ],
          "failures": [],
          "pending": [],
          "skipped": [],
          "duration": 1316,
          "root": false,
          "rootEmpty": false,
          "_timeout": 2000
        }
      ],
      "passes": [],
      "failures": [],
      "pending": [],
      "skipped": [],
      "duration": 0,
      "root": true,
      "rootEmpty": true,
      "_timeout": 2000
    },
    {
      "uuid": "438528ed-ec0f-4be8-aa11-c8305af1e6f7",
      "title": "",
      "fullFile": "cypress/e2e/webdriver-uni/browser-navigation.js",
      "file": "cypress/e2e/webdriver-uni/browser-navigation.js",
      "beforeHooks": [],
      "afterHooks": [],
      "tests": [],
      "suites": [
        {
          "uuid": "18611f65-4a5c-48ab-8e85-66b084988b2e",
          "title": "Validate webdriver uni home page link",
          "fullFile": "",
          "file": "",
          "beforeHooks": [],
          "afterHooks": [],
          "tests": [
            {
              "title": "Confirm links redirect to the correct pages",
              "fullTitle": "Validate webdriver uni home page link Confirm links redirect to the correct pages",
              "timedOut": null,
              "duration": 1233,
              "state": "passed",
              "speed": "fast",
              "pass": true,
              "fail": false,
              "pending": false,
              "context": null,
              "code": "// cypress code goes here\n// cy.visit(\"https://www.webdriveruniversity.com/Contact-Us/contactus.html\");\ncy.visit(\"https://www.webdriveruniversity.com\");\ncy.get(\"#contact-us\").invoke('removeAttr', 'target').click({\n  force: true\n});\ncy.url().should('include', 'contactus'); // cy.go enables us to perform browser actions\ncy.go('back');\ncy.reload(); //cy.reload(true); // reloads the page without using the cache\ncy.go('forward');\ncy.url().should('include', 'contactus');\ncy.go('back');\ncy.get(\"#login-portal\").invoke('removeAttr', 'target').click({\n  force: true\n});\ncy.url().should('include', 'Login-Portal');\ncy.go('back');",
              "err": {},
              "uuid": "9ef32194-c012-4b6f-aeb9-67f42d963872",
              "parentUUID": "18611f65-4a5c-48ab-8e85-66b084988b2e",
              "isHook": false,
              "skipped": false
            }
          ],
          "suites": [],
          "passes": [
            "9ef32194-c012-4b6f-aeb9-67f42d963872"
          ],
          "failures": [],
          "pending": [],
          "skipped": [],
          "duration": 1233,
          "root": false,
          "rootEmpty": false,
          "_timeout": 2000
        }
      ],
      "passes": [],
      "failures": [],
      "pending": [],
      "skipped": [],
      "duration": 0,
      "root": true,
      "rootEmpty": true,
      "_timeout": 2000
    },
    {
      "uuid": "40d4bbc6-9387-496a-9c12-db374f76e8b5",
      "title": "",
      "fullFile": "cypress/e2e/webdriver-uni/checkboxes.js",
      "file": "cypress/e2e/webdriver-uni/checkboxes.js",
      "beforeHooks": [],
      "afterHooks": [],
      "tests": [],
      "suites": [
        {
          "uuid": "35b71649-957b-42b2-87aa-de1bd4c5dd17",
          "title": "Verifying checkboxes via web driver uni",
          "fullFile": "",
          "file": "",
          "beforeHooks": [],
          "afterHooks": [],
          "tests": [
            {
              "title": "Check and validate checkbox",
              "fullTitle": "Verifying checkboxes via web driver uni Check and validate checkbox",
              "timedOut": null,
              "duration": 398,
              "state": "passed",
              "speed": "fast",
              "pass": true,
              "fail": false,
              "pending": false,
              "context": null,
              "code": "// cy.get('#checkboxes > :nth-child(1) > input').check();\n// cy.get('#checkboxes > :nth-child(1) > input').check().should('not.be.checked');\ncy.get('#checkboxes > :nth-child(1) > input').as('option-1');\ncy.get('@option-1').check().should('be.checked');\ncy.get('#checkboxes > :nth-child(5) > input').as('option-3');\ncy.get('@option-3').uncheck().should('not.be.checked');",
              "err": {},
              "uuid": "1153413b-09f3-4974-a684-667622e6ba87",
              "parentUUID": "35b71649-957b-42b2-87aa-de1bd4c5dd17",
              "isHook": false,
              "skipped": false
            },
            {
              "title": "Check multiple checkboxes",
              "fullTitle": "Verifying checkboxes via web driver uni Check multiple checkboxes",
              "timedOut": null,
              "duration": 303,
              "state": "passed",
              "speed": "fast",
              "pass": true,
              "fail": false,
              "pending": false,
              "context": null,
              "code": "// cy.get('#checkboxes > :nth-child(1) > input').check();\n// cy.get('#checkboxes > :nth-child(1) > input').check().should('not.be.checked');\ncy.get(\"input[type='checkbox']\").check([\"option-1\", \"option-2\", \"option-3\", \"option-4\"]).should('be.checked');",
              "err": {},
              "uuid": "177a350f-e7a4-4c5b-a0ba-7c204f1a08e0",
              "parentUUID": "35b71649-957b-42b2-87aa-de1bd4c5dd17",
              "isHook": false,
              "skipped": false
            }
          ],
          "suites": [],
          "passes": [
            "1153413b-09f3-4974-a684-667622e6ba87",
            "177a350f-e7a4-4c5b-a0ba-7c204f1a08e0"
          ],
          "failures": [],
          "pending": [],
          "skipped": [],
          "duration": 701,
          "root": false,
          "rootEmpty": false,
          "_timeout": 2000
        }
      ],
      "passes": [],
      "failures": [],
      "pending": [],
      "skipped": [],
      "duration": 0,
      "root": true,
      "rootEmpty": true,
      "_timeout": 2000
    },
    {
      "uuid": "823f6bc8-d2ff-43df-84d3-a0643c8a788e",
      "title": "",
      "fullFile": "cypress/e2e/webdriver-uni/contact-us.js",
      "file": "cypress/e2e/webdriver-uni/contact-us.js",
      "beforeHooks": [],
      "afterHooks": [],
      "tests": [],
      "suites": [
        {
          "uuid": "8be37515-cbab-4d30-85b9-366790c56581",
          "title": "Test contact us page via web Driver uni",
          "fullFile": "",
          "file": "",
          "beforeHooks": [],
          "afterHooks": [],
          "tests": [
            {
              "title": "Should be able to submit a successful submission via contact us form",
              "fullTitle": "Test contact us page via web Driver uni Should be able to submit a successful submission via contact us form",
              "timedOut": null,
              "duration": 2763,
              "state": "passed",
              "speed": "fast",
              "pass": true,
              "fail": false,
              "pending": false,
              "context": null,
              "code": "// cypress code goes here\n// cy.visit(\"https://www.webdriveruniversity.com/Contact-Us/contactus.html\");\ncy.document().should('have.property', 'charset').and('eq', 'UTF-8');\ncy.title().should('include', 'WebDriver | Contact Us');\ncy.url().should('include', \"/contactus.html\"); // cy.get('[name=\"first_name\"]').type(data.first_name);\n// cy.get('[name=\"last_name\"]').type(data.last_name);\n// cy.get('[name=\"email\"]').type(data.email);\n// cy.get('textarea.feedback-input').type(data.body);\n// cy.get('[type=\"submit\"]').click();\n// cy.get('h1').should('have.text', \"Thank You for your Message!\");\n// cy.webDriverUni_ContactForm_Submission(Cypress.env(\"first_name\"), data.last_name, data.email, data.body, 'h1', 'Thank You for your Message!');\ncontactUsPO.contactFormSubmission(Cypress.env(\"first_name\"), data.last_name, data.email, data.body, 'h1', 'Thank You for your Message!');",
              "err": {},
              "uuid": "ff24b83b-6e8c-42e3-81dd-9b78b1d112b4",
              "parentUUID": "8be37515-cbab-4d30-85b9-366790c56581",
              "isHook": false,
              "skipped": false
            },
            {
              "title": "Should not be able to submit a successful submission via contact us form as all fields are required",
              "fullTitle": "Test contact us page via web Driver uni Should not be able to submit a successful submission via contact us form as all fields are required",
              "timedOut": null,
              "duration": 1930,
              "state": "passed",
              "speed": "fast",
              "pass": true,
              "fail": false,
              "pending": false,
              "context": null,
              "code": "// cypress code goes here\n// cy.visit(\"https://www.webdriveruniversity.com/Contact-Us/contactus.html\");\n// cy.get('[name=\"first_name\"]').type(data.first_name);\n// cy.get('[name=\"last_name\"]').type(data.last_name);\n// cy.get('textarea.feedback-input').type(\"Some valid comments\");\n// cy.get('[type=\"submit\"]').click();\n// cy.get('body').contains(\"Error: all fields are required\");\n// cy.webDriverUni_ContactForm_Submission(data.first_name, data.last_name, 0, data.body, 'body', 'Error: all fields are required');\ncontactUsPO.contactFormSubmission(data.first_name, data.last_name, 0, data.body, 'body', 'Error: all fields are required');",
              "err": {},
              "uuid": "f8ef32fe-afb2-4dd8-ac62-6c91128c759f",
              "parentUUID": "8be37515-cbab-4d30-85b9-366790c56581",
              "isHook": false,
              "skipped": false
            }
          ],
          "suites": [],
          "passes": [
            "ff24b83b-6e8c-42e3-81dd-9b78b1d112b4",
            "f8ef32fe-afb2-4dd8-ac62-6c91128c759f"
          ],
          "failures": [],
          "pending": [],
          "skipped": [],
          "duration": 4693,
          "root": false,
          "rootEmpty": false,
          "_timeout": 2000
        }
      ],
      "passes": [],
      "failures": [],
      "pending": [],
      "skipped": [],
      "duration": 0,
      "root": true,
      "rootEmpty": true,
      "_timeout": 2000
    },
    {
      "uuid": "9d67bc43-36ed-45f9-8e79-bb9557e37774",
      "title": "",
      "fullFile": "cypress/e2e/webdriver-uni/data-tables.js",
      "file": "cypress/e2e/webdriver-uni/data-tables.js",
      "beforeHooks": [],
      "afterHooks": [],
      "tests": [],
      "suites": [
        {
          "uuid": "aba0984d-b987-4717-b38d-e355200c6fd1",
          "title": "Handling data via web driver uni",
          "fullFile": "",
          "file": "",
          "beforeHooks": [],
          "afterHooks": [],
          "tests": [
            {
              "title": "Calculate and assert the total age of all users",
              "fullTitle": "Handling data via web driver uni Calculate and assert the total age of all users",
              "timedOut": null,
              "duration": 199,
              "state": "passed",
              "speed": "fast",
              "pass": true,
              "fail": false,
              "pending": false,
              "context": null,
              "code": "var userDetails = [];\nlet numb = 0;\ncy.get('#thumbnail-1 td').each(($element, index, $list) => {\n  userDetails[index] = $element.text();\n}).then(() => {\n  var i;\n  for (i = 0; i < userDetails.length; i++) {\n    if (Number(userDetails[i])) {\n      numb += Number(userDetails[i]);\n    } //cy.log(userDetails[i]);\n  }\n  cy.log(\"Found total age: \" + numb);\n  expect(numb).to.equal(322);\n});",
              "err": {},
              "uuid": "234a2a66-e80c-41fc-871e-60c1beba19d0",
              "parentUUID": "aba0984d-b987-4717-b38d-e355200c6fd1",
              "isHook": false,
              "skipped": false
            },
            {
              "title": "Calculate and assert the age of a given user based on a lastname ",
              "fullTitle": "Handling data via web driver uni Calculate and assert the age of a given user based on a lastname ",
              "timedOut": null,
              "duration": 240,
              "state": "passed",
              "speed": "fast",
              "pass": true,
              "fail": false,
              "pending": false,
              "context": null,
              "code": "var userDetails = [];\ncy.get('#thumbnail-1 tr td:nth-child(2)').each(($element, index, $list) => {\n  const text = $element.text();\n  if (text.includes(\"Woods\")) {\n    cy.get('#thumbnail-1 tr td:nth-child(2)').eq(index).next().then(function (age) {\n      const userAfe = age.text();\n      expect(userAfe).to.equal('80');\n    });\n  }\n});",
              "err": {},
              "uuid": "c46669ba-c36a-470f-b009-9d585445007b",
              "parentUUID": "aba0984d-b987-4717-b38d-e355200c6fd1",
              "isHook": false,
              "skipped": false
            }
          ],
          "suites": [],
          "passes": [
            "234a2a66-e80c-41fc-871e-60c1beba19d0",
            "c46669ba-c36a-470f-b009-9d585445007b"
          ],
          "failures": [],
          "pending": [],
          "skipped": [],
          "duration": 439,
          "root": false,
          "rootEmpty": false,
          "_timeout": 2000
        }
      ],
      "passes": [],
      "failures": [],
      "pending": [],
      "skipped": [],
      "duration": 0,
      "root": true,
      "rootEmpty": true,
      "_timeout": 2000
    },
    {
      "uuid": "f3d01d0e-0b39-462d-aaba-337143cfadcf",
      "title": "",
      "fullFile": "cypress/e2e/webdriver-uni/date-picker.js",
      "file": "cypress/e2e/webdriver-uni/date-picker.js",
      "beforeHooks": [],
      "afterHooks": [],
      "tests": [],
      "suites": [
        {
          "uuid": "41376521-5b8f-4872-b143-e841fb923a07",
          "title": "Test Date Picker via Web Driver Uni",
          "fullFile": "",
          "file": "",
          "beforeHooks": [],
          "afterHooks": [],
          "tests": [
            {
              "title": "Select date from date picker",
              "fullTitle": "Test Date Picker via Web Driver Uni Select date from date picker",
              "timedOut": null,
              "duration": 1945,
              "state": "passed",
              "speed": "fast",
              "pass": true,
              "fail": false,
              "pending": false,
              "context": null,
              "code": "cy.visit(\"https://www.webdriveruniversity.com\");\ncy.get(\"#datepicker\").invoke('removeAttr', 'target').click({\n  force: true\n});\ncy.get(\"#datepicker\").click();\nlet date = new Date();\ndate.setDate(date.getDate() + 365); //get current day i.e. 22\nvar futureYear = date.getFullYear();\nvar futureMonth = date.toLocaleString(\"default\", {\n  month: \"long\"\n});\nvar futureDay = date.getDate();\ncy.log(\"Future year to select: \" + futureYear);\ncy.log(\"Future month to select: \" + futureMonth);\ncy.log(\"Future day to select: \" + futureDay);\nfunction selectMonthAndYear() {\n  cy.get('.datepicker-dropdown').find('.datepicker-switch').first().then(currentDate => {\n    if (!currentDate.text().includes(futureYear)) {\n      cy.get('.next').first().click();\n      selectMonthAndYear();\n    }\n  }).then(() => {\n    cy.get('.datepicker-dropdown').find('.datepicker-switch').first().then(currentDate => {\n      if (!currentDate.text().includes(futureMonth)) {\n        cy.get('.next').first().click();\n        selectMonthAndYear();\n      }\n    });\n  });\n}\nselectMonthAndYear();\nfunction selectFutureDay() {\n  cy.get('[class=\"day\"]').contains(futureDay).click();\n}\nselectFutureDay();",
              "err": {},
              "uuid": "acec81d6-504f-43a6-bfdc-43d4384af092",
              "parentUUID": "41376521-5b8f-4872-b143-e841fb923a07",
              "isHook": false,
              "skipped": false
            }
          ],
          "suites": [],
          "passes": [
            "acec81d6-504f-43a6-bfdc-43d4384af092"
          ],
          "failures": [],
          "pending": [],
          "skipped": [],
          "duration": 1945,
          "root": false,
          "rootEmpty": false,
          "_timeout": 2000
        }
      ],
      "passes": [],
      "failures": [],
      "pending": [],
      "skipped": [],
      "duration": 0,
      "root": true,
      "rootEmpty": true,
      "_timeout": 2000
    },
    {
      "uuid": "ce5f7c68-b574-42a9-9090-31e3c614c6a5",
      "title": "",
      "fullFile": "cypress/e2e/webdriver-uni/file-upload.js",
      "file": "cypress/e2e/webdriver-uni/file-upload.js",
      "beforeHooks": [],
      "afterHooks": [],
      "tests": [],
      "suites": [
        {
          "uuid": "55aef3c0-7a86-44ab-9dfe-539657750431",
          "title": "Test file upload",
          "fullFile": "",
          "file": "",
          "beforeHooks": [],
          "afterHooks": [],
          "tests": [
            {
              "title": "Upload a file",
              "fullTitle": "Test file upload Upload a file",
              "timedOut": null,
              "duration": 418,
              "state": "passed",
              "speed": "fast",
              "pass": true,
              "fail": false,
              "pending": false,
              "context": null,
              "code": "cy.visit(\"https://www.webdriveruniversity.com\");\ncy.get(\"#file-upload\").invoke('removeAttr', 'target').click({\n  force: true\n});\ncy.get(\"#myFile\").selectFile(\"/Users/sayedsohail/Desktop/Projects/Cypress/001 laptop.png\");\ncy.get(\"#submit-button\").click();",
              "err": {},
              "uuid": "4e6022de-2d58-426f-8f50-5ff7aa54b55b",
              "parentUUID": "55aef3c0-7a86-44ab-9dfe-539657750431",
              "isHook": false,
              "skipped": false
            },
            {
              "title": "Not Upload a file",
              "fullTitle": "Test file upload Not Upload a file",
              "timedOut": null,
              "duration": 402,
              "state": "passed",
              "speed": "fast",
              "pass": true,
              "fail": false,
              "pending": false,
              "context": null,
              "code": "cy.visit(\"https://www.webdriveruniversity.com\");\ncy.get(\"#file-upload\").invoke('removeAttr', 'target').click({\n  force: true\n});\ncy.get(\"#submit-button\").click();",
              "err": {},
              "uuid": "84f8983c-e807-468c-a523-72a817899795",
              "parentUUID": "55aef3c0-7a86-44ab-9dfe-539657750431",
              "isHook": false,
              "skipped": false
            }
          ],
          "suites": [],
          "passes": [
            "4e6022de-2d58-426f-8f50-5ff7aa54b55b",
            "84f8983c-e807-468c-a523-72a817899795"
          ],
          "failures": [],
          "pending": [],
          "skipped": [],
          "duration": 820,
          "root": false,
          "rootEmpty": false,
          "_timeout": 2000
        }
      ],
      "passes": [],
      "failures": [],
      "pending": [],
      "skipped": [],
      "duration": 0,
      "root": true,
      "rootEmpty": true,
      "_timeout": 2000
    },
    {
      "uuid": "3b12e43d-9c19-4e95-9ca6-86671157c027",
      "title": "",
      "fullFile": "cypress/e2e/webdriver-uni/iframe.js",
      "file": "cypress/e2e/webdriver-uni/iframe.js",
      "beforeHooks": [],
      "afterHooks": [],
      "tests": [],
      "suites": [
        {
          "uuid": "62a51851-7073-4f5e-b108-55c565417373",
          "title": "Handling iframe and modals",
          "fullFile": "",
          "file": "",
          "beforeHooks": [],
          "afterHooks": [],
          "tests": [
            {
              "title": "Should be able to submit a successful submission via contact us form",
              "fullTitle": "Handling iframe and modals Should be able to submit a successful submission via contact us form",
              "timedOut": null,
              "duration": 875,
              "state": "passed",
              "speed": "fast",
              "pass": true,
              "fail": false,
              "pending": false,
              "context": null,
              "code": "cy.visit(\"https://www.webdriveruniversity.com\");\ncy.get(\"#iframe\").invoke('removeAttr', 'target').click({\n  force: true\n});\ncy.get('#frame').then($iframe => {\n  const body = $iframe.contents().find('body');\n  cy.wrap(body).as('iframe');\n});\ncy.get(\"@iframe\").find(\"#button-find-out-more\").click();\ncy.get(\"@iframe\").find(\"#myModal\").as('modal');\ncy.get('@modal').should($expectedText => {\n  const text = $expectedText.text();\n  expect(text).to.include(\"Welcome to webdriveruniversity.com we sell a wide range of\");\n});\ncy.get('@modal').contains('Close').click();",
              "err": {},
              "uuid": "61423726-0ded-4396-b026-dae102f57f43",
              "parentUUID": "62a51851-7073-4f5e-b108-55c565417373",
              "isHook": false,
              "skipped": false
            }
          ],
          "suites": [],
          "passes": [
            "61423726-0ded-4396-b026-dae102f57f43"
          ],
          "failures": [],
          "pending": [],
          "skipped": [],
          "duration": 875,
          "root": false,
          "rootEmpty": false,
          "_timeout": 2000
        }
      ],
      "passes": [],
      "failures": [],
      "pending": [],
      "skipped": [],
      "duration": 0,
      "root": true,
      "rootEmpty": true,
      "_timeout": 2000
    },
    {
      "uuid": "31afbf0b-d512-4569-b569-54e204db8dcd",
      "title": "",
      "fullFile": "cypress/e2e/webdriver-uni/js-alerts.js",
      "file": "cypress/e2e/webdriver-uni/js-alerts.js",
      "beforeHooks": [],
      "afterHooks": [],
      "tests": [],
      "suites": [
        {
          "uuid": "5f23ac15-f488-4fcd-b60a-ce67391f74a6",
          "title": "Handle JS alerts",
          "fullFile": "",
          "file": "",
          "beforeHooks": [],
          "afterHooks": [],
          "tests": [
            {
              "title": "Validate js confirm alert box with a stub",
              "fullTitle": "Handle JS alerts Validate js confirm alert box with a stub",
              "timedOut": null,
              "duration": 473,
              "state": "passed",
              "speed": "fast",
              "pass": true,
              "fail": false,
              "pending": false,
              "context": null,
              "code": "// cypress code goes here\n// cy.visit(\"https://www.webdriveruniversity.com/Contact-Us/contactus.html\");\ncy.visit(\"https://www.webdriveruniversity.com\");\ncy.get(\"#popup-alerts\").invoke('removeAttr', 'target').click({\n  force: true\n});\nconst stub = cy.stub();\ncy.on('window:confirm', stub);\ncy.get('#button4').click().then(() => {\n  expect(stub.getCall(0)).to.be.calledWith('Press a button!');\n}).then(() => {\n  return true;\n}).then(() => {\n  cy.get('#confirm-alert-text').contains('You pressed OK!');\n});",
              "err": {},
              "uuid": "d5b1d81f-b934-4cc2-a5f9-ba5c4b86002a",
              "parentUUID": "5f23ac15-f488-4fcd-b60a-ce67391f74a6",
              "isHook": false,
              "skipped": false
            }
          ],
          "suites": [],
          "passes": [
            "d5b1d81f-b934-4cc2-a5f9-ba5c4b86002a"
          ],
          "failures": [],
          "pending": [],
          "skipped": [],
          "duration": 473,
          "root": false,
          "rootEmpty": false,
          "_timeout": 2000
        }
      ],
      "passes": [],
      "failures": [],
      "pending": [],
      "skipped": [],
      "duration": 0,
      "root": true,
      "rootEmpty": true,
      "_timeout": 2000
    },
    {
      "uuid": "268534a7-2a0e-4c37-baa8-62264b5f0c76",
      "title": "",
      "fullFile": "cypress/e2e/webdriver-uni/mouse-actions.js",
      "file": "cypress/e2e/webdriver-uni/mouse-actions.js",
      "beforeHooks": [],
      "afterHooks": [],
      "tests": [],
      "suites": [
        {
          "uuid": "0976edc6-ba91-4ee9-b0ec-57b94c5f6d05",
          "title": "Mouse Actions",
          "fullFile": "",
          "file": "",
          "beforeHooks": [],
          "afterHooks": [],
          "tests": [
            {
              "title": "Scroll element into a view",
              "fullTitle": "Mouse Actions Scroll element into a view",
              "timedOut": null,
              "duration": 229,
              "state": "passed",
              "speed": "fast",
              "pass": true,
              "fail": false,
              "pending": false,
              "context": null,
              "code": "cy.visit(\"https://www.webdriveruniversity.com\");\ncy.get(\"#actions\").scrollIntoView().invoke('removeAttr', 'target').click({\n  force: true\n});",
              "err": {},
              "uuid": "b43ae58e-16ff-4932-885e-8a2c5efa6ecf",
              "parentUUID": "0976edc6-ba91-4ee9-b0ec-57b94c5f6d05",
              "isHook": false,
              "skipped": false
            },
            {
              "title": "I should be able to drag ab=nd drop a dragable item",
              "fullTitle": "Mouse Actions I should be able to drag ab=nd drop a dragable item",
              "timedOut": null,
              "duration": 528,
              "state": "passed",
              "speed": "fast",
              "pass": true,
              "fail": false,
              "pending": false,
              "context": null,
              "code": "cy.visit(\"https://www.webdriveruniversity.com\");\ncy.get(\"#actions\").scrollIntoView().invoke('removeAttr', 'target').click({\n  force: true\n});\ncy.get('#draggable').trigger('mousedown', {\n  which: 1\n});\ncy.get('#droppable').trigger('mousemove').trigger('mouseup', {\n  force: true\n});\ncy.get('#droppable').contains('Dropped!');",
              "err": {},
              "uuid": "aac2d897-b070-4e62-b1bb-1935131d40cd",
              "parentUUID": "0976edc6-ba91-4ee9-b0ec-57b94c5f6d05",
              "isHook": false,
              "skipped": false
            },
            {
              "title": "I should be able to double mouse click",
              "fullTitle": "Mouse Actions I should be able to double mouse click",
              "timedOut": null,
              "duration": 252,
              "state": "passed",
              "speed": "fast",
              "pass": true,
              "fail": false,
              "pending": false,
              "context": null,
              "code": "cy.visit(\"https://www.webdriveruniversity.com\");\ncy.get(\"#actions\").scrollIntoView().invoke('removeAttr', 'target').click({\n  force: true\n});\ncy.get('#double-click').dblclick();",
              "err": {},
              "uuid": "87883bbd-a86c-4259-ab8b-124799977e40",
              "parentUUID": "0976edc6-ba91-4ee9-b0ec-57b94c5f6d05",
              "isHook": false,
              "skipped": false
            },
            {
              "title": "I should be able to hold the left mouse click",
              "fullTitle": "Mouse Actions I should be able to hold the left mouse click",
              "timedOut": null,
              "duration": 164,
              "state": "passed",
              "speed": "fast",
              "pass": true,
              "fail": false,
              "pending": false,
              "context": null,
              "code": "cy.visit(\"https://www.webdriveruniversity.com\");\ncy.get(\"#actions\").scrollIntoView().invoke('removeAttr', 'target').click({\n  force: true\n});\ncy.get('#click-box').trigger('mousedown', {\n  which: 1\n}).then($element => {\n  expect($element).to.have.css('background-color', 'rgb(0, 255, 0)');\n});",
              "err": {},
              "uuid": "e1d7fa24-7d57-402c-a0ff-5635a12d9251",
              "parentUUID": "0976edc6-ba91-4ee9-b0ec-57b94c5f6d05",
              "isHook": false,
              "skipped": false
            }
          ],
          "suites": [],
          "passes": [
            "b43ae58e-16ff-4932-885e-8a2c5efa6ecf",
            "aac2d897-b070-4e62-b1bb-1935131d40cd",
            "87883bbd-a86c-4259-ab8b-124799977e40",
            "e1d7fa24-7d57-402c-a0ff-5635a12d9251"
          ],
          "failures": [],
          "pending": [],
          "skipped": [],
          "duration": 1173,
          "root": false,
          "rootEmpty": false,
          "_timeout": 2000
        }
      ],
      "passes": [],
      "failures": [],
      "pending": [],
      "skipped": [],
      "duration": 0,
      "root": true,
      "rootEmpty": true,
      "_timeout": 2000
    },
    {
      "uuid": "c73a5447-7d30-4bbc-b433-b16385d56c99",
      "title": "",
      "fullFile": "cypress/e2e/webdriver-uni/radiobuttons.js",
      "file": "cypress/e2e/webdriver-uni/radiobuttons.js",
      "beforeHooks": [],
      "afterHooks": [],
      "tests": [],
      "suites": [
        {
          "uuid": "3b930c93-f18d-4f3e-885d-50576650d0a5",
          "title": "Verifying radio buttons via web driver uni",
          "fullFile": "",
          "file": "",
          "beforeHooks": [],
          "afterHooks": [],
          "tests": [
            {
              "title": "Check and validate checkbox",
              "fullTitle": "Verifying radio buttons via web driver uni Check and validate checkbox",
              "timedOut": null,
              "duration": 760,
              "state": "passed",
              "speed": "fast",
              "pass": true,
              "fail": false,
              "pending": false,
              "context": null,
              "code": "cy.get('#radio-buttons').find(\"[type='radio']\").first().check();\ncy.get('#radio-buttons').find(\"[type='radio']\").eq(1).check();",
              "err": {},
              "uuid": "03e567f4-9d1d-48ff-a70a-b0076bcc453e",
              "parentUUID": "3b930c93-f18d-4f3e-885d-50576650d0a5",
              "isHook": false,
              "skipped": false
            },
            {
              "title": "validate the states of the specific radio buttons",
              "fullTitle": "Verifying radio buttons via web driver uni validate the states of the specific radio buttons",
              "timedOut": null,
              "duration": 215,
              "state": "passed",
              "speed": "fast",
              "pass": true,
              "fail": false,
              "pending": false,
              "context": null,
              "code": "cy.get(\"[value='lettuce']\").should('not.be.checked');\ncy.get(\"[value='pumpkin']\").should('be.checked');\ncy.get(\"[value='lettuce']\").check();\ncy.get(\"[value='lettuce']\").should('be.checked');\ncy.get(\"[value='pumpkin']\").should('not.be.checked');\ncy.get(\"[value='cabbage']\").should('be.disabled');",
              "err": {},
              "uuid": "f5dd60bf-10fc-4917-9aea-f68ef4a79d44",
              "parentUUID": "3b930c93-f18d-4f3e-885d-50576650d0a5",
              "isHook": false,
              "skipped": false
            }
          ],
          "suites": [],
          "passes": [
            "03e567f4-9d1d-48ff-a70a-b0076bcc453e",
            "f5dd60bf-10fc-4917-9aea-f68ef4a79d44"
          ],
          "failures": [],
          "pending": [],
          "skipped": [],
          "duration": 975,
          "root": false,
          "rootEmpty": false,
          "_timeout": 2000
        }
      ],
      "passes": [],
      "failures": [],
      "pending": [],
      "skipped": [],
      "duration": 0,
      "root": true,
      "rootEmpty": true,
      "_timeout": 2000
    },
    {
      "uuid": "ef30db9d-93e4-4228-a51f-675282534b09",
      "title": "",
      "fullFile": "cypress/e2e/webdriver-uni/select-dropdown-list.js",
      "file": "cypress/e2e/webdriver-uni/select-dropdown-list.js",
      "beforeHooks": [],
      "afterHooks": [],
      "tests": [],
      "suites": [
        {
          "uuid": "5260b808-1ca5-462d-be9a-946f247afd6c",
          "title": "Interact dropdown lists via web driver uni",
          "fullFile": "",
          "file": "",
          "beforeHooks": [],
          "afterHooks": [],
          "tests": [
            {
              "title": "Select specific values via select dropdown lists",
              "fullTitle": "Interact dropdown lists via web driver uni Select specific values via select dropdown lists",
              "timedOut": null,
              "duration": 1144,
              "state": "passed",
              "speed": "fast",
              "pass": true,
              "fail": false,
              "pending": false,
              "context": null,
              "code": "cy.visit(\"https://www.webdriveruniversity.com\");\ncy.get(\"#dropdown-checkboxes-radiobuttons \").invoke('removeAttr', 'target').click({\n  force: true\n}); //Selecting dropdown using values\ncy.get(\"#dropdowm-menu-1\").select('c#');\ncy.get(\"#dropdowm-menu-2\").select('testng').should('have.value', 'testng');\ncy.get(\"#dropdowm-menu-3\").select('jquery'); //Selecting drop down using text\n// cy.get(\"#dropdowm-menu-3\").select('JQuery').contains('JQuery');\ncy.get(\"#dropdowm-menu-2\").select('maven').should('have.value', 'maven');",
              "err": {},
              "uuid": "4e61e657-9e43-4003-ad8e-3117243c2f19",
              "parentUUID": "5260b808-1ca5-462d-be9a-946f247afd6c",
              "isHook": false,
              "skipped": false
            }
          ],
          "suites": [],
          "passes": [
            "4e61e657-9e43-4003-ad8e-3117243c2f19"
          ],
          "failures": [],
          "pending": [],
          "skipped": [],
          "duration": 1144,
          "root": false,
          "rootEmpty": false,
          "_timeout": 2000
        }
      ],
      "passes": [],
      "failures": [],
      "pending": [],
      "skipped": [],
      "duration": 0,
      "root": true,
      "rootEmpty": true,
      "_timeout": 2000
    },
    {
      "uuid": "94306411-fc68-4fbb-90ea-d43adcc98452",
      "title": "",
      "fullFile": "cypress/e2e/webdriver-uni/traversing-elements.js",
      "file": "cypress/e2e/webdriver-uni/traversing-elements.js",
      "beforeHooks": [],
      "afterHooks": [],
      "tests": [],
      "suites": [
        {
          "uuid": "d2e55ac6-abfe-461e-883c-8e43192160a3",
          "title": "Traversing DOM elements in Cypress",
          "fullFile": "",
          "file": "",
          "beforeHooks": [],
          "afterHooks": [],
          "tests": [
            {
              "title": "children() to get the children of DOM elements",
              "fullTitle": "Traversing DOM elements in Cypress children() to get the children of DOM elements",
              "timedOut": null,
              "duration": 211,
              "state": "passed",
              "speed": "fast",
              "pass": true,
              "fail": false,
              "pending": false,
              "context": null,
              "code": "cy.get('.traversal-breadcrumb').children('.active').should('contain', 'Contact Us');",
              "err": {},
              "uuid": "39886e10-2215-407a-ae6f-f068b6bf926a",
              "parentUUID": "d2e55ac6-abfe-461e-883c-8e43192160a3",
              "isHook": false,
              "skipped": false
            },
            {
              "title": "closest() to validate the closest ancestor DOM element",
              "fullTitle": "Traversing DOM elements in Cypress closest() to validate the closest ancestor DOM element",
              "timedOut": null,
              "duration": 300,
              "state": "passed",
              "speed": "fast",
              "pass": true,
              "fail": false,
              "pending": false,
              "context": null,
              "code": "cy.get('.traversal-badge').closest('ul').should('have.class', 'list-group');",
              "err": {},
              "uuid": "d25033b7-e633-409c-b951-0e5542c5566c",
              "parentUUID": "d2e55ac6-abfe-461e-883c-8e43192160a3",
              "isHook": false,
              "skipped": false
            },
            {
              "title": "eq() to retrieve a specific element based on index",
              "fullTitle": "Traversing DOM elements in Cypress eq() to retrieve a specific element based on index",
              "timedOut": null,
              "duration": 86,
              "state": "passed",
              "speed": "fast",
              "pass": true,
              "fail": false,
              "pending": false,
              "context": null,
              "code": "cy.get('.traversal-drinks-list > *').eq(2).should('contain', 'Milk');",
              "err": {},
              "uuid": "ed4d7b2a-b8b2-4f5f-b4a9-3a446b0c8d9e",
              "parentUUID": "d2e55ac6-abfe-461e-883c-8e43192160a3",
              "isHook": false,
              "skipped": false
            },
            {
              "title": "filter() to retrieve DOM elements that match a specific selector",
              "fullTitle": "Traversing DOM elements in Cypress filter() to retrieve DOM elements that match a specific selector",
              "timedOut": null,
              "duration": 221,
              "state": "passed",
              "speed": "fast",
              "pass": true,
              "fail": false,
              "pending": false,
              "context": null,
              "code": "cy.get('.btn-group-toggle > *').filter('.active').should('contain', 'Button-1');",
              "err": {},
              "uuid": "ab519503-824a-4bf9-ba2e-64a03890708c",
              "parentUUID": "d2e55ac6-abfe-461e-883c-8e43192160a3",
              "isHook": false,
              "skipped": false
            },
            {
              "title": "find() to retrieve DOM elements of a given selector",
              "fullTitle": "Traversing DOM elements in Cypress find() to retrieve DOM elements of a given selector",
              "timedOut": null,
              "duration": 85,
              "state": "passed",
              "speed": "fast",
              "pass": true,
              "fail": false,
              "pending": false,
              "context": null,
              "code": "cy.get('.traversal-pagination').find('li').find('a').should('have.length', 7);",
              "err": {},
              "uuid": "6055b56d-62f7-41ad-80d7-f2649b43f003",
              "parentUUID": "d2e55ac6-abfe-461e-883c-8e43192160a3",
              "isHook": false,
              "skipped": false
            },
            {
              "title": "first() to retrieve the first DOM element within elements ",
              "fullTitle": "Traversing DOM elements in Cypress first() to retrieve the first DOM element within elements ",
              "timedOut": null,
              "duration": 91,
              "state": "passed",
              "speed": "fast",
              "pass": true,
              "fail": false,
              "pending": false,
              "context": null,
              "code": "cy.get('.traversal-table > tbody > tr > td').first().should('contain', 'Andy');",
              "err": {},
              "uuid": "f8875fe9-da56-4cbb-9def-335b5bf08eca",
              "parentUUID": "d2e55ac6-abfe-461e-883c-8e43192160a3",
              "isHook": false,
              "skipped": false
            },
            {
              "title": "last() to retrieve the last DOM element within elements",
              "fullTitle": "Traversing DOM elements in Cypress last() to retrieve the last DOM element within elements",
              "timedOut": null,
              "duration": 118,
              "state": "passed",
              "speed": "fast",
              "pass": true,
              "fail": false,
              "pending": false,
              "context": null,
              "code": "cy.get('.traversal-table > tbody > tr > td').last().should('contain', 'Scott');",
              "err": {},
              "uuid": "5c5537c7-9216-4f34-a4ea-c1e41b77e301",
              "parentUUID": "d2e55ac6-abfe-461e-883c-8e43192160a3",
              "isHook": false,
              "skipped": false
            },
            {
              "title": "nextAll() to get all of the next sibling DOM elements within elements",
              "fullTitle": "Traversing DOM elements in Cypress nextAll() to get all of the next sibling DOM elements within elements",
              "timedOut": null,
              "duration": 66,
              "state": "passed",
              "speed": "fast",
              "pass": true,
              "fail": false,
              "pending": false,
              "context": null,
              "code": "cy.get('#tea').nextAll().should('have.length', 3);",
              "err": {},
              "uuid": "e93fabef-2b9d-4e4e-82f8-ac63ea9efc45",
              "parentUUID": "d2e55ac6-abfe-461e-883c-8e43192160a3",
              "isHook": false,
              "skipped": false
            },
            {
              "title": "nextUntil() to get all of the next sibling DOM elements within elements until another element",
              "fullTitle": "Traversing DOM elements in Cypress nextUntil() to get all of the next sibling DOM elements within elements until another element",
              "timedOut": null,
              "duration": 80,
              "state": "passed",
              "speed": "fast",
              "pass": true,
              "fail": false,
              "pending": false,
              "context": null,
              "code": "cy.get('#coffee').nextUntil('#espresso').should('have.length', 2);",
              "err": {},
              "uuid": "58c8ab39-423d-41e7-a408-b8e114eac653",
              "parentUUID": "d2e55ac6-abfe-461e-883c-8e43192160a3",
              "isHook": false,
              "skipped": false
            },
            {
              "title": "not() to remove DOM element(s) from the set of elements",
              "fullTitle": "Traversing DOM elements in Cypress not() to remove DOM element(s) from the set of elements",
              "timedOut": null,
              "duration": 98,
              "state": "passed",
              "speed": "fast",
              "pass": true,
              "fail": false,
              "pending": false,
              "context": null,
              "code": "cy.get('.traversal-button-states').not('.disabled').should('not.have.class', 'disabled');",
              "err": {},
              "uuid": "5ed1c62e-12ae-48f4-be70-21ac34f48ab3",
              "parentUUID": "d2e55ac6-abfe-461e-883c-8e43192160a3",
              "isHook": false,
              "skipped": false
            },
            {
              "title": "parent() To get parent DOM element of elements",
              "fullTitle": "Traversing DOM elements in Cypress parent() To get parent DOM element of elements",
              "timedOut": null,
              "duration": 86,
              "state": "passed",
              "speed": "fast",
              "pass": true,
              "fail": false,
              "pending": false,
              "context": null,
              "code": "cy.get('.traversal-mark').parent().should('contain', 'Lorem ipsum');",
              "err": {},
              "uuid": "8a871089-d66c-422a-aa34-27e6f4cffd2d",
              "parentUUID": "d2e55ac6-abfe-461e-883c-8e43192160a3",
              "isHook": false,
              "skipped": false
            },
            {
              "title": "parents() to get parents DOM element of elements",
              "fullTitle": "Traversing DOM elements in Cypress parents() to get parents DOM element of elements",
              "timedOut": null,
              "duration": 103,
              "state": "passed",
              "speed": "fast",
              "pass": true,
              "fail": false,
              "pending": false,
              "context": null,
              "code": "cy.get('.traversal-cite').parents().should('match', 'blockquote');",
              "err": {},
              "uuid": "aec489a9-9487-463f-99cd-484c6af0eb64",
              "parentUUID": "d2e55ac6-abfe-461e-883c-8e43192160a3",
              "isHook": false,
              "skipped": false
            },
            {
              "title": "prev() to get the previous sibling DOM element within elements",
              "fullTitle": "Traversing DOM elements in Cypress prev() to get the previous sibling DOM element within elements",
              "timedOut": null,
              "duration": 86,
              "state": "passed",
              "speed": "fast",
              "pass": true,
              "fail": false,
              "pending": false,
              "context": null,
              "code": "cy.get(\"#sugar\").prev().should('contain', 'Espresso');",
              "err": {},
              "uuid": "d9720782-6ea4-43e0-8d55-315c12be7873",
              "parentUUID": "d2e55ac6-abfe-461e-883c-8e43192160a3",
              "isHook": false,
              "skipped": false
            },
            {
              "title": "prevAll() to get all previous sibling DOM elements within elements",
              "fullTitle": "Traversing DOM elements in Cypress prevAll() to get all previous sibling DOM elements within elements",
              "timedOut": null,
              "duration": 97,
              "state": "passed",
              "speed": "fast",
              "pass": true,
              "fail": false,
              "pending": false,
              "context": null,
              "code": "cy.get('.sales').prevAll().should('have.length', 2);",
              "err": {},
              "uuid": "5dd636a4-dc79-492f-8a44-0e2000c8fa54",
              "parentUUID": "d2e55ac6-abfe-461e-883c-8e43192160a3",
              "isHook": false,
              "skipped": false
            },
            {
              "title": "prevUntil() to get all previous sibling DOM elements within elements until other element",
              "fullTitle": "Traversing DOM elements in Cypress prevUntil() to get all previous sibling DOM elements within elements until other element",
              "timedOut": null,
              "duration": 78,
              "state": "passed",
              "speed": "fast",
              "pass": true,
              "fail": false,
              "pending": false,
              "context": null,
              "code": "cy.get('#veggie').prevUntil('#fruits').should('have.length', 5);",
              "err": {},
              "uuid": "145fa5a8-9842-4c6f-9c88-1a2a1ef6fc7c",
              "parentUUID": "d2e55ac6-abfe-461e-883c-8e43192160a3",
              "isHook": false,
              "skipped": false
            },
            {
              "title": "siblings() To get all sibling DOM elements of elements",
              "fullTitle": "Traversing DOM elements in Cypress siblings() To get all sibling DOM elements of elements",
              "timedOut": null,
              "duration": 92,
              "state": "passed",
              "speed": "fast",
              "pass": true,
              "fail": false,
              "pending": false,
              "context": null,
              "code": "cy.get('.traversal-button-other-states .active').siblings().should('have.length', 3);",
              "err": {},
              "uuid": "e262f882-7b14-4b01-b832-698c652f13d4",
              "parentUUID": "d2e55ac6-abfe-461e-883c-8e43192160a3",
              "isHook": false,
              "skipped": false
            }
          ],
          "suites": [],
          "passes": [
            "39886e10-2215-407a-ae6f-f068b6bf926a",
            "d25033b7-e633-409c-b951-0e5542c5566c",
            "ed4d7b2a-b8b2-4f5f-b4a9-3a446b0c8d9e",
            "ab519503-824a-4bf9-ba2e-64a03890708c",
            "6055b56d-62f7-41ad-80d7-f2649b43f003",
            "f8875fe9-da56-4cbb-9def-335b5bf08eca",
            "5c5537c7-9216-4f34-a4ea-c1e41b77e301",
            "e93fabef-2b9d-4e4e-82f8-ac63ea9efc45",
            "58c8ab39-423d-41e7-a408-b8e114eac653",
            "5ed1c62e-12ae-48f4-be70-21ac34f48ab3",
            "8a871089-d66c-422a-aa34-27e6f4cffd2d",
            "aec489a9-9487-463f-99cd-484c6af0eb64",
            "d9720782-6ea4-43e0-8d55-315c12be7873",
            "5dd636a4-dc79-492f-8a44-0e2000c8fa54",
            "145fa5a8-9842-4c6f-9c88-1a2a1ef6fc7c",
            "e262f882-7b14-4b01-b832-698c652f13d4"
          ],
          "failures": [],
          "pending": [],
          "skipped": [],
          "duration": 1898,
          "root": false,
          "rootEmpty": false,
          "_timeout": 2000
        }
      ],
      "passes": [],
      "failures": [],
      "pending": [],
      "skipped": [],
      "duration": 0,
      "root": true,
      "rootEmpty": true,
      "_timeout": 2000
    }
  ],
  "meta": {
    "mocha": {
      "version": "7.0.1"
    },
    "mochawesome": {
      "options": {
        "quiet": false,
        "reportFilename": "mochawesome",
        "saveHtml": false,
        "saveJson": true,
        "consoleReporter": "spec",
        "useInlineDiffs": false,
        "code": true
      },
      "version": "7.1.3"
    },
    "marge": {
      "options": {
        "id": "default",
        "reportDir": "cypress/results/mochawesome",
        "quite": true,
        "overwrite": false,
        "html": false,
        "json": true
      },
      "version": "6.2.0"
    }
  }
}